number,value,datetime_start,datetime_complete,duration,params_base_max_depth,params_base_min_samples_leaf,params_base_min_samples_split,params_max_features,params_max_samples,params_n_estimators,state
0,0.5130711208238129,2026-04-24 00:13:12.123948,2026-04-24 00:13:16.738802,0 days 00:00:04.614854,9,8,20,0.40919616423534183,0.40921304830970556,639,COMPLETE
1,0.45213335413590183,2026-04-24 00:13:16.741522,2026-04-24 00:13:20.711934,0 days 00:00:03.970412,3,7,18,0.978936896513396,0.3144091460070617,737,COMPLETE
2,0.5954612228089007,2026-04-24 00:13:20.711934,2026-04-24 00:13:23.778467,0 days 00:00:03.066533,17,2,6,0.6673295021425665,0.5129695700716763,265,COMPLETE
3,0.5533680679611506,2026-04-24 00:13:23.780001,2026-04-24 00:13:24.640020,0 days 00:00:00.860019,10,7,7,0.5564532903055841,0.5045012539746527,225,COMPLETE
4,0.5237516271655387,2026-04-24 00:13:24.640020,2026-04-24 00:13:26.376727,0 days 00:00:01.736707,10,2,16,0.3325152889039984,0.7146901982034297,563,COMPLETE
5,0.6063124500387657,2026-04-24 00:13:26.378247,2026-04-24 00:13:33.271386,0 days 00:00:06.893139,13,1,5,0.8658781436815228,0.9759424231521916,954,COMPLETE
6,0.5531703483126995,2026-04-24 00:13:33.273401,2026-04-24 00:13:34.950799,0 days 00:00:01.677398,7,7,3,0.6466238370778892,0.38542676439134516,496,COMPLETE
7,0.3948509329169779,2026-04-24 00:13:34.950799,2026-04-24 00:13:36.669838,0 days 00:00:01.719039,2,3,19,0.6640476148244676,0.5181977532625877,696,COMPLETE
8,0.5647322198535679,2026-04-24 00:13:36.669838,2026-04-24 00:13:41.598935,0 days 00:00:04.929097,12,10,5,0.9263791452993542,0.9576492590949324,798,COMPLETE
9,0.5491974421917232,2026-04-24 00:13:41.608119,2026-04-24 00:13:42.664051,0 days 00:00:01.055932,13,1,19,0.527731231534285,0.33165910223737666,276,COMPLETE
10,0.5807101687927642,2026-04-24 00:13:42.666566,2026-04-24 00:13:49.273562,0 days 00:00:06.606996,20,4,11,0.8476640889207724,0.9887273647942282,960,COMPLETE
11,0.5941391274616806,2026-04-24 00:13:49.274603,2026-04-24 00:13:49.923102,0 days 00:00:00.648499,17,1,9,0.7880091288380662,0.764492969842987,111,COMPLETE
12,0.5883237946671683,2026-04-24 00:13:49.923102,2026-04-24 00:13:52.152350,0 days 00:00:02.229248,16,4,2,0.7795948604777889,0.8313832308211784,405,COMPLETE
13,0.5845972018269585,2026-04-24 00:13:52.152350,2026-04-24 00:13:56.629342,0 days 00:00:04.476992,15,3,6,0.6938612976402648,0.5982927849305438,974,COMPLETE
14,0.5721758883297201,2026-04-24 00:13:56.629342,2026-04-24 00:13:58.840577,0 days 00:00:02.211235,20,5,12,0.8560876727018331,0.6242355378322041,408,COMPLETE
15,0.5935299001099548,2026-04-24 00:13:58.840577,2026-04-24 00:14:03.901573,0 days 00:00:05.060996,18,1,9,0.5369393012853998,0.8667052428471801,855,COMPLETE
16,0.5946003088599162,2026-04-24 00:14:03.901573,2026-04-24 00:14:05.491846,0 days 00:00:01.590273,14,2,4,0.7558595517296096,0.5112727447320898,289,COMPLETE
17,0.5660738427954982,2026-04-24 00:14:05.491846,2026-04-24 00:14:07.712662,0 days 00:00:02.220816,7,3,8,0.9784888964341028,0.7056962346262452,399,COMPLETE
18,0.592080347269474,2026-04-24 00:14:07.712662,2026-04-24 00:14:10.529451,0 days 00:00:02.816789,18,5,12,0.6046593363795317,0.890803291919625,558,COMPLETE
19,0.5695771736679804,2026-04-24 00:14:10.529451,2026-04-24 00:14:11.110581,0 days 00:00:00.581130,12,2,14,0.44884125405121533,0.5943631622187485,125,COMPLETE
20,0.5780958779630389,2026-04-24 00:14:11.110581,2026-04-24 00:14:14.663634,0 days 00:00:03.553053,15,4,5,0.8789083693109861,0.43682711604468233,842,COMPLETE
21,0.6055161821528601,2026-04-24 00:14:14.663634,2026-04-24 00:14:15.892213,0 days 00:00:01.228579,14,2,4,0.7448381055411083,0.4796948572785995,262,COMPLETE
22,0.6019721438674381,2026-04-24 00:14:15.892213,2026-04-24 00:14:16.932946,0 days 00:00:01.040733,14,2,2,0.7233708552126978,0.4713253737600194,206,COMPLETE
23,0.6063251547665297,2026-04-24 00:14:16.932946,2026-04-24 00:14:18.055352,0 days 00:00:01.122406,13,1,2,0.7558361215642241,0.5656223935269475,200,COMPLETE
24,0.6030858344132739,2026-04-24 00:14:18.055352,2026-04-24 00:14:20.101643,0 days 00:00:02.046291,12,1,4,0.8264178076886222,0.7017288425959732,339,COMPLETE
25,0.5722699603987833,2026-04-24 00:14:20.101643,2026-04-24 00:14:20.921122,0 days 00:00:00.819479,8,1,2,0.9083731904204965,0.5575697652159476,175,COMPLETE
26,0.6008463955789528,2026-04-24 00:14:20.928288,2026-04-24 00:14:24.235929,0 days 00:00:03.307641,13,3,4,0.7320803127122774,0.7792280438705914,445,COMPLETE
27,0.5859587070141129,2026-04-24 00:14:24.237976,2026-04-24 00:14:26.660480,0 days 00:00:02.422504,11,1,7,0.801342591899498,0.6579237432653393,357,COMPLETE
28,0.5304034986450746,2026-04-24 00:14:26.660480,2026-04-24 00:14:30.301217,0 days 00:00:03.640737,5,2,3,0.9254993607531216,0.5608000382590015,633,COMPLETE
29,0.5571820110570078,2026-04-24 00:14:30.303227,2026-04-24 00:14:33.287659,0 days 00:00:02.984432,9,10,9,0.7238438799000284,0.41504055676831847,620,COMPLETE
30,0.5569595918222824,2026-04-24 00:14:33.289716,2026-04-24 00:14:35.381347,0 days 00:00:02.091631,14,8,5,0.5942175055578337,0.37553726497865514,473,COMPLETE
31,0.6086445442371529,2026-04-24 00:14:35.381347,2026-04-24 00:14:37.438945,0 days 00:00:02.057598,12,1,4,0.827762487322045,0.6842509831046587,341,COMPLETE
32,0.5960397827781978,2026-04-24 00:14:37.438945,2026-04-24 00:14:38.961611,0 days 00:00:01.522666,11,1,3,0.8179886780916378,0.4580477919989989,307,COMPLETE
33,0.5885531500474597,2026-04-24 00:14:38.961611,2026-04-24 00:14:39.988576,0 days 00:00:01.026965,13,2,6,0.8908318533854294,0.6571794328806404,162,COMPLETE
34,0.5837670915296149,2026-04-24 00:14:39.988576,2026-04-24 00:14:41.660419,0 days 00:00:01.671843,16,3,7,0.9936843646507743,0.9115555578540085,232,COMPLETE
35,0.5766889765220902,2026-04-24 00:14:41.662511,2026-04-24 00:14:42.891049,0 days 00:00:01.228538,9,6,4,0.7701706924772613,0.7841700672017831,220,COMPLETE
36,0.5988898814878603,2026-04-24 00:14:42.891049,2026-04-24 00:14:44.799347,0 days 00:00:01.908298,10,1,2,0.9560493466333264,0.5635223931054874,342,COMPLETE
37,0.5811176741209078,2026-04-24 00:14:44.801439,2026-04-24 00:14:45.452599,0 days 00:00:00.651160,15,2,6,0.694006154412492,0.34772265863902824,161,COMPLETE
38,0.5927524148512611,2026-04-24 00:14:45.452599,2026-04-24 00:14:48.169400,0 days 00:00:02.716801,11,2,3,0.8493059213121571,0.47731962229146796,502,COMPLETE
39,0.5539069132571613,2026-04-24 00:14:48.171414,2026-04-24 00:14:50.687347,0 days 00:00:02.515933,13,8,5,0.6369155279803028,0.30724390727836753,701,COMPLETE
40,0.5672066410409624,2026-04-24 00:14:50.688860,2026-04-24 00:14:56.402382,0 days 00:00:05.713522,16,9,15,0.7505519469989461,0.943716811282705,918,COMPLETE
41,0.5998238474538813,2026-04-24 00:14:56.402382,2026-04-24 00:14:58.484102,0 days 00:00:02.081720,12,1,4,0.830962418478207,0.7252207301514791,332,COMPLETE
42,0.6061222830130226,2026-04-24 00:14:58.486615,2026-04-24 00:15:00.029791,0 days 00:00:01.543176,12,1,3,0.8099602850237533,0.7076734200033808,255,COMPLETE
43,0.6064820784291673,2026-04-24 00:15:00.046785,2026-04-24 00:15:02.191332,0 days 00:00:02.144547,14,1,3,0.875547953728558,0.8120641471167603,261,COMPLETE
44,0.6075498895033196,2026-04-24 00:15:02.195077,2026-04-24 00:15:04.621399,0 days 00:00:02.426322,12,1,2,0.8714156478358651,0.8285928597298026,257,COMPLETE
45,0.5880753247818393,2026-04-24 00:15:04.625929,2026-04-24 00:15:05.602210,0 days 00:00:00.976281,10,3,2,0.8754836701637941,0.8287237994019708,103,COMPLETE
46,0.6003298909450457,2026-04-24 00:15:05.605321,2026-04-24 00:15:07.567572,0 days 00:00:01.962251,13,1,3,0.9525722103609585,0.8382023247408228,192,COMPLETE
47,0.5179558614356458,2026-04-24 00:15:07.568107,2026-04-24 00:15:11.402014,0 days 00:00:03.833907,9,2,5,0.31951438720323755,0.9697423876333161,766,COMPLETE
48,0.608333839558105,2026-04-24 00:15:11.404044,2026-04-24 00:15:14.180109,0 days 00:00:02.776065,11,1,2,0.9081218557786177,0.7465950464565639,392,COMPLETE
49,0.6033616400593014,2026-04-24 00:15:14.181618,2026-04-24 00:15:16.699827,0 days 00:00:02.518209,11,1,2,0.9069741411395197,0.7383587195964002,366,COMPLETE
